2025-06-28 00:41:03,779 - INFO - [ALERT!] New added book:-  'A Light in the Attic'  
2025-06-28 00:41:04,671 - INFO - [ALERT!] New added book:-  'In Her Wake'  
2025-06-28 00:41:05,029 - INFO - [ALERT!] New added book:-  'Slow States of Collapse: Poems'  
2025-06-28 00:41:05,931 - INFO - [ALERT!] New added book:-  'Princess Jellyfish 2-in-1 Omnibus, Vol. 01 (Princess Jellyfish 2-in-1 Omnibus #1)'  
2025-06-28 00:41:06,288 - INFO - [ALERT!] New added book:-  'The Nameless City (The Nameless City #1)'  
2025-06-28 00:41:07,186 - INFO - [ALERT!] New added book:-  'Immunity: How Elie Metchnikoff Changed the Course of Modern Medicine'  
2025-06-28 00:41:08,182 - INFO - [ALERT!] New added book:-  'Algorithms to Live By: The Computer Science of Human Decisions'  
2025-06-28 00:41:09,192 - INFO - [ALERT!] New added book:-  'The Shadow Hero (The Shadow Hero)'  
2025-06-28 00:41:10,184 - INFO - [ALERT!] New added book:-  'The Bridge to Consciousness: I'm Writing the Bridge Between Science and Our Old and New Beliefs.'  
2025-06-28 00:41:12,899 - INFO - [ALERT!] New added book:-  'Modern Romance'  
2025-06-28 00:41:14,328 - INFO - [ALERT!] New added book:-  'Dark Notes'  
2025-06-28 00:41:15,229 - INFO - [ALERT!] New added book:-  'Whole Lotta Creativity Going On: 60 Fun and Unusual Exercises to Awaken and Strengthen Your Creativity'  
2025-06-28 00:41:16,237 - INFO - [ALERT!] New added book:-  'The Power of Habit: Why We Do What We Do in Life and Business'  
2025-06-28 00:41:17,261 - INFO - [ALERT!] New added book:-  'Swell: A Year of Waves'  
2025-06-28 00:41:18,266 - INFO - [ALERT!] New added book:-  'My Name Is Lucy Barton'  
2025-06-28 00:41:19,258 - INFO - [ALERT!] New added book:-  'Hold Your Breath (Search and Rescue #1)'  
2025-06-28 00:41:20,257 - INFO - [ALERT!] New added book:-  'Code Name Verity (Code Name Verity #1)'  
2025-06-28 00:41:22,692 - INFO - [ALERT!] New added book:-  'All the Light We Cannot See'  
2025-06-28 00:41:23,698 - INFO - [ALERT!] New added book:-  'The Midnight Watch: A Novel of the Titanic and the Californian'  
2025-06-28 00:41:24,707 - INFO - [ALERT!] New added book:-  'Hide Away (Eve Duncan #20)'  
2025-06-28 00:41:25,717 - INFO - [ALERT!] New added book:-  'Mothering Sunday'  
2025-06-28 00:41:26,725 - INFO - [ALERT!] New added book:-  'Without Shame'  
2025-06-28 00:41:27,734 - INFO - [ALERT!] New added book:-  'Chernobyl 01:23:40: The Incredible True Story of the World's Worst Nuclear Disaster'  
2025-06-28 00:41:28,725 - INFO - [ALERT!] New added book:-  'Roller Girl'  
2025-06-28 00:41:29,735 - INFO - [ALERT!] New added book:-  'Heaven is for Real: A Little Boy's Astounding Story of His Trip to Heaven and Back'  
2025-06-28 00:41:30,740 - INFO - [ALERT!] New added book:-  'The Story of Art'  
2025-06-28 00:41:31,734 - INFO - [ALERT!] New added book:-  'Nightstruck: A Novel'  
2025-06-28 00:41:32,729 - INFO - [ALERT!] New added book:-  'Benjamin Franklin: An American Life'  
2025-06-28 00:41:33,741 - INFO - [ALERT!] New added book:-  'The Barefoot Contessa Cookbook'  
2025-06-28 00:41:34,754 - INFO - [ALERT!] New added book:-  'World Without End (The Pillars of the Earth #2)'  
2025-06-28 00:41:35,759 - INFO - [ALERT!] New added book:-  'The Dream Thieves (The Raven Cycle #2)'  
2025-06-28 00:41:36,771 - INFO - [ALERT!] New added book:-  'Isla and the Happily Ever After (Anna and the French Kiss #3)'  
2025-06-28 00:41:37,931 - INFO - [ALERT!] New added book:-  'Alight (The Generations Trilogy #2)'  
2025-06-28 00:41:38,943 - INFO - [ALERT!] New added book:-  'Shopaholic Ties the Knot (Shopaholic #3)'  
2025-06-28 00:41:39,965 - INFO - [ALERT!] New added book:-  'Far From True (Promise Falls Trilogy #2)'  
2025-06-28 00:41:41,149 - INFO - [ALERT!] New added book:-  'Walk the Edge (Thunder Road #2)'  
2025-06-28 00:41:42,173 - INFO - [ALERT!] New added book:-  'The Silkworm (Cormoran Strike #2)'  
2025-06-28 00:41:43,185 - INFO - [ALERT!] New added book:-  'The Lean Startup: How Today's Entrepreneurs Use Continuous Innovation to Create Radically Successful Businesses'  
2025-06-28 00:41:44,184 - INFO - [ALERT!] New added book:-  'The Da Vinci Code (Robert Langdon #2)'  
2025-06-28 00:41:45,180 - INFO - [ALERT!] New added book:-  'Seven Days in the Art World'  
2025-06-28 00:41:46,190 - INFO - [ALERT!] New added book:-  'Notes from a Small Island (Notes From a Small Island #1)'  
2025-06-28 00:41:47,214 - INFO - [ALERT!] New added book:-  'Jurassic Park (Jurassic Park #1)'  
2025-06-28 00:41:48,374 - INFO - [ALERT!] New added book:-  'Girl in the Blue Coat'  
2025-06-28 00:41:49,389 - INFO - [ALERT!] New added book:-  'Civilization and Its Discontents'  
2025-06-28 00:41:50,394 - INFO - [ALERT!] New added book:-  'Annie on My Mind'  
2025-06-28 00:41:51,403 - INFO - [ALERT!] New added book:-  'Fruits Basket, Vol. 2 (Fruits Basket #2)'  
2025-06-28 00:41:52,566 - INFO - [ALERT!] New added book:-  'The Secret Healer'  
2025-06-28 00:41:53,578 - INFO - [ALERT!] New added book:-  'The Bhagavad Gita'  
2025-06-28 00:41:54,587 - INFO - [ALERT!] New added book:-  'On the Road (Duluoz Legend)'  
2025-06-28 00:41:55,578 - INFO - [ALERT!] New added book:-  'Frankenstein'  
