2025-06-28 14:05:03,851 - INFO - [ALERT!] New added book:-  'A Light in the Attic'  
2025-06-28 14:05:04,601 - INFO - [ALERT!] New added book:-  'The Nameless City (The Nameless City #1)'  
2025-06-28 14:05:04,972 - INFO - [ALERT!] New added book:-  'In Her Wake'  
2025-06-28 14:05:05,233 - INFO - [ALERT!] New added book:-  'Slow States of Collapse: Poems'  
2025-06-28 14:05:06,138 - INFO - [ALERT!] New added book:-  'Princess Jellyfish 2-in-1 Omnibus, Vol. 01 (Princess Jellyfish 2-in-1 Omnibus #1)'  
2025-06-28 14:05:07,315 - INFO - [ALERT!] New added book:-  'Immunity: How Elie Metchnikoff Changed the Course of Modern Medicine'  
2025-06-28 14:05:08,339 - INFO - [ALERT!] New added book:-  'Algorithms to Live By: The Computer Science of Human Decisions'  
2025-06-28 14:05:10,674 - INFO - [ALERT!] New added book:-  'The Shadow Hero (The Shadow Hero)'  
2025-06-28 14:05:11,677 - INFO - [ALERT!] New added book:-  'The Bridge to Consciousness: I'm Writing the Bridge Between Science and Our Old and New Beliefs.'  
2025-06-28 14:05:12,686 - INFO - [ALERT!] New added book:-  'Modern Romance'  
2025-06-28 14:05:13,711 - INFO - [ALERT!] New added book:-  'Dark Notes'  
2025-06-28 14:05:14,737 - INFO - [ALERT!] New added book:-  'Whole Lotta Creativity Going On: 60 Fun and Unusual Exercises to Awaken and Strengthen Your Creativity'  
2025-06-28 14:05:15,749 - INFO - [ALERT!] New added book:-  'The Power of Habit: Why We Do What We Do in Life and Business'  
2025-06-28 14:05:16,792 - INFO - [ALERT!] New added book:-  'Swell: A Year of Waves'  
2025-06-28 14:05:18,059 - INFO - [ALERT!] New added book:-  'My Name Is Lucy Barton'  
2025-06-28 14:05:18,959 - INFO - [ALERT!] New added book:-  'Hold Your Breath (Search and Rescue #1)'  
2025-06-28 14:05:19,984 - INFO - [ALERT!] New added book:-  'Code Name Verity (Code Name Verity #1)'  
2025-06-28 14:05:20,991 - INFO - [ALERT!] New added book:-  'All the Light We Cannot See'  
2025-06-28 14:05:22,008 - INFO - [ALERT!] New added book:-  'The Midnight Watch: A Novel of the Titanic and the Californian'  
2025-06-28 14:05:23,189 - INFO - [ALERT!] New added book:-  'Hide Away (Eve Duncan #20)'  
2025-06-28 14:05:24,185 - INFO - [ALERT!] New added book:-  'Mothering Sunday'  
2025-06-28 14:05:25,193 - INFO - [ALERT!] New added book:-  'Without Shame'  
2025-06-28 14:05:26,201 - INFO - [ALERT!] New added book:-  'Chernobyl 01:23:40: The Incredible True Story of the World's Worst Nuclear Disaster'  
2025-06-28 14:05:27,395 - INFO - [ALERT!] New added book:-  'Roller Girl'  
2025-06-28 14:05:28,420 - INFO - [ALERT!] New added book:-  'Heaven is for Real: A Little Boy's Astounding Story of His Trip to Heaven and Back'  
2025-06-28 14:05:29,428 - INFO - [ALERT!] New added book:-  'The Story of Art'  
2025-06-28 14:05:30,439 - INFO - [ALERT!] New added book:-  'Nightstruck: A Novel'  
2025-06-28 14:05:31,620 - INFO - [ALERT!] New added book:-  'Benjamin Franklin: An American Life'  
2025-06-28 14:05:32,627 - INFO - [ALERT!] New added book:-  'The Barefoot Contessa Cookbook'  
2025-06-28 14:05:33,637 - INFO - [ALERT!] New added book:-  'World Without End (The Pillars of the Earth #2)'  
2025-06-28 14:05:34,644 - INFO - [ALERT!] New added book:-  'The Dream Thieves (The Raven Cycle #2)'  
2025-06-28 14:05:35,668 - INFO - [ALERT!] New added book:-  'Isla and the Happily Ever After (Anna and the French Kiss #3)'  
2025-06-28 14:05:36,928 - INFO - [ALERT!] New added book:-  'Alight (The Generations Trilogy #2)'  
2025-06-28 14:05:37,829 - INFO - [ALERT!] New added book:-  'Shopaholic Ties the Knot (Shopaholic #3)'  
2025-06-28 14:05:38,852 - INFO - [ALERT!] New added book:-  'Far From True (Promise Falls Trilogy #2)'  
2025-06-28 14:05:39,861 - INFO - [ALERT!] New added book:-  'Walk the Edge (Thunder Road #2)'  
2025-06-28 14:05:40,867 - INFO - [ALERT!] New added book:-  'The Silkworm (Cormoran Strike #2)'  
2025-06-28 14:05:42,049 - INFO - [ALERT!] New added book:-  'The Lean Startup: How Today's Entrepreneurs Use Continuous Innovation to Create Radically Successful Businesses'  
2025-06-28 14:05:43,060 - INFO - [ALERT!] New added book:-  'The Da Vinci Code (Robert Langdon #2)'  
2025-06-28 14:05:44,084 - INFO - [ALERT!] New added book:-  'Seven Days in the Art World'  
2025-06-28 14:05:45,089 - INFO - [ALERT!] New added book:-  'Notes from a Small Island (Notes From a Small Island #1)'  
2025-06-28 14:05:46,253 - INFO - [ALERT!] New added book:-  'Jurassic Park (Jurassic Park #1)'  
2025-06-28 14:05:47,263 - INFO - [ALERT!] New added book:-  'Girl in the Blue Coat'  
2025-06-28 14:05:48,444 - INFO - [ALERT!] New added book:-  'Civilization and Its Discontents'  
2025-06-28 14:05:49,467 - INFO - [ALERT!] New added book:-  'Annie on My Mind'  
2025-06-28 14:05:50,628 - INFO - [ALERT!] New added book:-  'Fruits Basket, Vol. 2 (Fruits Basket #2)'  
2025-06-28 14:05:51,651 - INFO - [ALERT!] New added book:-  'The Secret Healer'  
2025-06-28 14:05:52,681 - INFO - [ALERT!] New added book:-  'The Bhagavad Gita'  
2025-06-28 14:05:53,688 - INFO - [ALERT!] New added book:-  'On the Road (Duluoz Legend)'  
2025-06-28 14:05:54,710 - INFO - [ALERT!] New added book:-  'Frankenstein'  
